Using pre-set license
Built from '2020.3/staging' branch; Version is '2020.3.11f1 (99c7afb366b3) revision 10078127'; Using compiler version '192528614'; Build Type 'Release'
OS: 'Windows 10 Pro; OS build 19042.1237; Version 2009; 64bit' Language: 'en' Physical Memory: 16204 MB
BatchMode: 1, IsHumanControllingUs: 0, StartBugReporterOnCrash: 0, Is64bit: 1, IsPro: 0

 COMMAND LINE ARGUMENTS:
C:\Program Files\Unity\Hub\Editor\2020.3.11f1\Editor\Unity.exe
-adb2
-batchMode
-noUpm
-name
AssetImportWorker0
-projectPath
C:/Users/notsl/Source/UntilTheWhistleBlows/utwb_prototype/Until The Whistle Blows
-logFile
Logs/AssetImportWorker0.log
-srvPort
53835
Successfully changed project path to: C:/Users/notsl/Source/UntilTheWhistleBlows/utwb_prototype/Until The Whistle Blows
C:/Users/notsl/Source/UntilTheWhistleBlows/utwb_prototype/Until The Whistle Blows
Using Asset Import Pipeline V2.
Refreshing native plugins compatible for Editor in 22.66 ms, found 2 plugins.
Preloading 0 native plugins for Editor in 0.00 ms.
Initialize engine version: 2020.3.11f1 (99c7afb366b3)
[Subsystems] Discovering subsystems at path C:/Program Files/Unity/Hub/Editor/2020.3.11f1/Editor/Data/Resources/UnitySubsystems
[Subsystems] Discovering subsystems at path C:/Users/notsl/Source/UntilTheWhistleBlows/utwb_prototype/Until The Whistle Blows/Assets
GfxDevice: creating device client; threaded=0
Direct3D:
    Version:  Direct3D 11.0 [level 11.1]
    Renderer: NVIDIA GeForce RTX 2080 Super (ID=0x1e93)
    Vendor:   
    VRAM:     8010 MB
    Driver:   26.21.14.4276
Initialize mono
Mono path[0] = 'C:/Program Files/Unity/Hub/Editor/2020.3.11f1/Editor/Data/Managed'
Mono path[1] = 'C:/Program Files/Unity/Hub/Editor/2020.3.11f1/Editor/Data/MonoBleedingEdge/lib/mono/unityjit'
Mono config path = 'C:/Program Files/Unity/Hub/Editor/2020.3.11f1/Editor/Data/MonoBleedingEdge/etc'
Using monoOptions --debugger-agent=transport=dt_socket,embedding=1,server=y,suspend=n,address=127.0.0.1:56016
Begin MonoManager ReloadAssembly
Registering precompiled unity dll's ...
Register platform support module: C:/Program Files/Unity/Hub/Editor/2020.3.11f1/Editor/Data/PlaybackEngines/WindowsStandaloneSupport/UnityEditor.WindowsStandalone.Extensions.dll
Registered in 0.001749 seconds.
Native extension for WindowsStandalone target not found
Refreshing native plugins compatible for Editor in 21.72 ms, found 2 plugins.
Preloading 0 native plugins for Editor in 0.00 ms.
Mono: successfully reloaded assembly
- Completed reload, in  1.015 seconds
Platform modules already initialized, skipping
Registering precompiled user dll's ...
Registered in 0.003358 seconds.
Begin MonoManager ReloadAssembly
Native extension for WindowsStandalone target not found
Refreshing native plugins compatible for Editor in 0.24 ms, found 2 plugins.
Preloading 0 native plugins for Editor in 0.00 ms.
Mono: successfully reloaded assembly
- Completed reload, in  0.817 seconds
Platform modules already initialized, skipping
========================================================================
Worker process is ready to serve import requests
Launched and connected shader compiler UnityShaderCompiler.exe after 0.03 seconds
Refreshing native plugins compatible for Editor in 0.25 ms, found 2 plugins.
Preloading 0 native plugins for Editor in 0.00 ms.
Unloading 1398 Unused Serialized files (Serialized files now loaded: 0)
System memory in use before: 78.0 MB.
System memory in use after: 78.0 MB.

Unloading 19 unused Assets to reduce memory usage. Loaded Objects now: 1846.
Total: 1.520800 ms (FindLiveObjects: 0.119400 ms CreateObjectMapping: 0.036100 ms MarkObjects: 1.288300 ms  DeleteObjects: 0.076300 ms)

========================================================================
Received Import Request.
  path: Assets/Scripts
  artifactKey: Guid(da35db56ec9eab745bf37cfaf8b4ee5d) Importer(815301076,1909f56bfc062723c751e8b465ee728b)
Start importing Assets/Scripts using Guid(da35db56ec9eab745bf37cfaf8b4ee5d) Importer(815301076,1909f56bfc062723c751e8b465ee728b)  -> (artifact id: '6d43f727dd072c377b40e9b7b64da0ba') in 0.008487 seconds
  Import took 0.010310 seconds .

========================================================================
Received Import Request.
  Time since last request: 11.414728 seconds.
  path: Assets/Scripts/Collectable
  artifactKey: Guid(fcc1943b581d1a341a2667d025d144d8) Importer(815301076,1909f56bfc062723c751e8b465ee728b)
Start importing Assets/Scripts/Collectable using Guid(fcc1943b581d1a341a2667d025d144d8) Importer(815301076,1909f56bfc062723c751e8b465ee728b)  -> (artifact id: '55e6aec533a61c349f00d93acd264211') in 0.007008 seconds
  Import took 0.008811 seconds .

========================================================================
Received Prepare
Refreshing native plugins compatible for Editor in 2.79 ms, found 2 plugins.
Preloading 0 native plugins for Editor in 0.00 ms.
Unloading 12 Unused Serialized files (Serialized files now loaded: 0)
System memory in use before: 50.0 MB.
System memory in use after: 50.1 MB.

Unloading 12 unused Assets to reduce memory usage. Loaded Objects now: 1846.
Total: 1.571100 ms (FindLiveObjects: 0.125600 ms CreateObjectMapping: 0.039500 ms MarkObjects: 1.357300 ms  DeleteObjects: 0.048000 ms)

========================================================================
Received Prepare
Registering precompiled user dll's ...
Registered in 0.003318 seconds.
Begin MonoManager ReloadAssembly
Native extension for WindowsStandalone target not found
Refreshing native plugins compatible for Editor in 0.25 ms, found 2 plugins.
Preloading 0 native plugins for Editor in 0.00 ms.
Mono: successfully reloaded assembly
- Completed reload, in  0.815 seconds
Platform modules already initialized, skipping
Refreshing native plugins compatible for Editor in 0.27 ms, found 2 plugins.
Preloading 0 native plugins for Editor in 0.00 ms.
Unloading 1393 Unused Serialized files (Serialized files now loaded: 0)
System memory in use before: 77.9 MB.
System memory in use after: 78.0 MB.

Unloading 14 unused Assets to reduce memory usage. Loaded Objects now: 1849.
Total: 1.833800 ms (FindLiveObjects: 0.153000 ms CreateObjectMapping: 0.080300 ms MarkObjects: 1.537700 ms  DeleteObjects: 0.061500 ms)

========================================================================
Received Prepare
Registering precompiled user dll's ...
Registered in 0.003252 seconds.
Begin MonoManager ReloadAssembly
Native extension for WindowsStandalone target not found
Refreshing native plugins compatible for Editor in 0.25 ms, found 2 plugins.
Preloading 0 native plugins for Editor in 0.00 ms.
Mono: successfully reloaded assembly
- Completed reload, in  0.779 seconds
Platform modules already initialized, skipping
Refreshing native plugins compatible for Editor in 0.26 ms, found 2 plugins.
Preloading 0 native plugins for Editor in 0.00 ms.
Unloading 1393 Unused Serialized files (Serialized files now loaded: 0)
System memory in use before: 77.7 MB.
System memory in use after: 77.8 MB.

Unloading 14 unused Assets to reduce memory usage. Loaded Objects now: 1852.
Total: 1.562400 ms (FindLiveObjects: 0.154300 ms CreateObjectMapping: 0.046900 ms MarkObjects: 1.310500 ms  DeleteObjects: 0.050100 ms)

AssetImportWorkerClient::OnTransportError - code=2 error=End of file
